Performing C++ SOURCE FILE Test CMAKE_HAVE_LIBC_PTHREAD failed with the following output:
Change Dir: /home/ekaterina/AndroidStudioProjects/libs/build/x86_64/CMakeFiles/CMakeTmp

Run Build Command(s):/usr/bin/make -f Makefile cmTC_6726d/fast && /usr/bin/make  -f CMakeFiles/cmTC_6726d.dir/build.make CMakeFiles/cmTC_6726d.dir/build
make[1]: Entering directory '/home/ekaterina/AndroidStudioProjects/libs/build/x86_64/CMakeFiles/CMakeTmp'
Building CXX object CMakeFiles/cmTC_6726d.dir/src.cxx.o
/home/ekaterina/Android/Sdk/ndk/25.2.9519653/toolchains/llvm/prebuilt/linux-x86_64/bin/clang++ --target=x86_64-none-linux-android21 --sysroot=/home/ekaterina/Android/Sdk/ndk/25.2.9519653/toolchains/llvm/prebuilt/linux-x86_64/sysroot -DCMAKE_HAVE_LIBC_PTHREAD  -g -DANDROID -fdata-sections -ffunction-sections -funwind-tables -fstack-protector-strong -no-canonical-prefixes -D_FORTIFY_SOURCE=2 -Wformat -Werror=format-security  -DSPDLOG_COMPILED_LIB  -fPIE -std=c++11 -MD -MT CMakeFiles/cmTC_6726d.dir/src.cxx.o -MF CMakeFiles/cmTC_6726d.dir/src.cxx.o.d -o CMakeFiles/cmTC_6726d.dir/src.cxx.o -c /home/ekaterina/AndroidStudioProjects/libs/build/x86_64/CMakeFiles/CMakeTmp/src.cxx
/home/ekaterina/AndroidStudioProjects/libs/build/x86_64/CMakeFiles/CMakeTmp/src.cxx:13:3: error: use of undeclared identifier 'pthread_cancel'
  pthread_cancel(thread);
  ^
1 error generated.
make[1]: *** [CMakeFiles/cmTC_6726d.dir/build.make:79: CMakeFiles/cmTC_6726d.dir/src.cxx.o] Error 1
make[1]: Leaving directory '/home/ekaterina/AndroidStudioProjects/libs/build/x86_64/CMakeFiles/CMakeTmp'
make: *** [Makefile:127: cmTC_6726d/fast] Error 2


Source file was:
#include <pthread.h>

static void* test_func(void* data)
{
  return data;
}

int main(void)
{
  pthread_t thread;
  pthread_create(&thread, NULL, test_func, NULL);
  pthread_detach(thread);
  pthread_cancel(thread);
  pthread_join(thread, NULL);
  pthread_atfork(NULL, NULL, NULL);
  pthread_exit(NULL);

  return 0;
}

Determining if the function pthread_create exists in the pthreads failed with the following output:
Change Dir: /home/ekaterina/AndroidStudioProjects/libs/build/x86_64/CMakeFiles/CMakeTmp

Run Build Command(s):/usr/bin/make -f Makefile cmTC_16f26/fast && /usr/bin/make  -f CMakeFiles/cmTC_16f26.dir/build.make CMakeFiles/cmTC_16f26.dir/build
make[1]: Entering directory '/home/ekaterina/AndroidStudioProjects/libs/build/x86_64/CMakeFiles/CMakeTmp'
Building CXX object CMakeFiles/cmTC_16f26.dir/CheckFunctionExists.cxx.o
/home/ekaterina/Android/Sdk/ndk/25.2.9519653/toolchains/llvm/prebuilt/linux-x86_64/bin/clang++ --target=x86_64-none-linux-android21 --sysroot=/home/ekaterina/Android/Sdk/ndk/25.2.9519653/toolchains/llvm/prebuilt/linux-x86_64/sysroot   -g -DANDROID -fdata-sections -ffunction-sections -funwind-tables -fstack-protector-strong -no-canonical-prefixes -D_FORTIFY_SOURCE=2 -Wformat -Werror=format-security  -DSPDLOG_COMPILED_LIB -DCHECK_FUNCTION_EXISTS=pthread_create -fPIE -std=c++11 -MD -MT CMakeFiles/cmTC_16f26.dir/CheckFunctionExists.cxx.o -MF CMakeFiles/cmTC_16f26.dir/CheckFunctionExists.cxx.o.d -o CMakeFiles/cmTC_16f26.dir/CheckFunctionExists.cxx.o -c /home/ekaterina/AndroidStudioProjects/libs/build/x86_64/CMakeFiles/CheckLibraryExists/CheckFunctionExists.cxx
Linking CXX executable cmTC_16f26
/home/ekaterina/Android/Sdk/cmake/3.22.1/bin/cmake -E cmake_link_script CMakeFiles/cmTC_16f26.dir/link.txt --verbose=1
/home/ekaterina/Android/Sdk/ndk/25.2.9519653/toolchains/llvm/prebuilt/linux-x86_64/bin/clang++ --target=x86_64-none-linux-android21 --sysroot=/home/ekaterina/Android/Sdk/ndk/25.2.9519653/toolchains/llvm/prebuilt/linux-x86_64/sysroot -g -DANDROID -fdata-sections -ffunction-sections -funwind-tables -fstack-protector-strong -no-canonical-prefixes -D_FORTIFY_SOURCE=2 -Wformat -Werror=format-security  -DSPDLOG_COMPILED_LIB -DCHECK_FUNCTION_EXISTS=pthread_create -static-libstdc++ -Wl,--build-id=sha1 -Wl,--no-rosegment -Wl,--fatal-warnings -Wl,--no-undefined -Qunused-arguments    CMakeFiles/cmTC_16f26.dir/CheckFunctionExists.cxx.o -o cmTC_16f26  -lpthreads -latomic -lm 
ld: error: unable to find library -lpthreads
clang++: error: linker command failed with exit code 1 (use -v to see invocation)
make[1]: *** [CMakeFiles/cmTC_16f26.dir/build.make:100: cmTC_16f26] Error 1
make[1]: Leaving directory '/home/ekaterina/AndroidStudioProjects/libs/build/x86_64/CMakeFiles/CMakeTmp'
make: *** [Makefile:127: cmTC_16f26/fast] Error 2



Determining if the function pthread_create exists in the pthread failed with the following output:
Change Dir: /home/ekaterina/AndroidStudioProjects/libs/build/x86_64/CMakeFiles/CMakeTmp

Run Build Command(s):/usr/bin/make -f Makefile cmTC_5f042/fast && /usr/bin/make  -f CMakeFiles/cmTC_5f042.dir/build.make CMakeFiles/cmTC_5f042.dir/build
make[1]: Entering directory '/home/ekaterina/AndroidStudioProjects/libs/build/x86_64/CMakeFiles/CMakeTmp'
Building CXX object CMakeFiles/cmTC_5f042.dir/CheckFunctionExists.cxx.o
/home/ekaterina/Android/Sdk/ndk/25.2.9519653/toolchains/llvm/prebuilt/linux-x86_64/bin/clang++ --target=x86_64-none-linux-android21 --sysroot=/home/ekaterina/Android/Sdk/ndk/25.2.9519653/toolchains/llvm/prebuilt/linux-x86_64/sysroot   -g -DANDROID -fdata-sections -ffunction-sections -funwind-tables -fstack-protector-strong -no-canonical-prefixes -D_FORTIFY_SOURCE=2 -Wformat -Werror=format-security  -DSPDLOG_COMPILED_LIB -DCHECK_FUNCTION_EXISTS=pthread_create -fPIE -std=c++11 -MD -MT CMakeFiles/cmTC_5f042.dir/CheckFunctionExists.cxx.o -MF CMakeFiles/cmTC_5f042.dir/CheckFunctionExists.cxx.o.d -o CMakeFiles/cmTC_5f042.dir/CheckFunctionExists.cxx.o -c /home/ekaterina/AndroidStudioProjects/libs/build/x86_64/CMakeFiles/CheckLibraryExists/CheckFunctionExists.cxx
Linking CXX executable cmTC_5f042
/home/ekaterina/Android/Sdk/cmake/3.22.1/bin/cmake -E cmake_link_script CMakeFiles/cmTC_5f042.dir/link.txt --verbose=1
/home/ekaterina/Android/Sdk/ndk/25.2.9519653/toolchains/llvm/prebuilt/linux-x86_64/bin/clang++ --target=x86_64-none-linux-android21 --sysroot=/home/ekaterina/Android/Sdk/ndk/25.2.9519653/toolchains/llvm/prebuilt/linux-x86_64/sysroot -g -DANDROID -fdata-sections -ffunction-sections -funwind-tables -fstack-protector-strong -no-canonical-prefixes -D_FORTIFY_SOURCE=2 -Wformat -Werror=format-security  -DSPDLOG_COMPILED_LIB -DCHECK_FUNCTION_EXISTS=pthread_create -static-libstdc++ -Wl,--build-id=sha1 -Wl,--no-rosegment -Wl,--fatal-warnings -Wl,--no-undefined -Qunused-arguments    CMakeFiles/cmTC_5f042.dir/CheckFunctionExists.cxx.o -o cmTC_5f042  -lpthread -latomic -lm 
ld: error: unable to find library -lpthread
clang++: error: linker command failed with exit code 1 (use -v to see invocation)
make[1]: *** [CMakeFiles/cmTC_5f042.dir/build.make:100: cmTC_5f042] Error 1
make[1]: Leaving directory '/home/ekaterina/AndroidStudioProjects/libs/build/x86_64/CMakeFiles/CMakeTmp'
make: *** [Makefile:127: cmTC_5f042/fast] Error 2



