Performing C SOURCE FILE Test CMAKE_HAVE_LIBC_PTHREAD failed with the following output:
Change Dir: /home/ekaterina/AndroidStudioProjects/libs/mbedtls/build/x86_64/CMakeFiles/CMakeTmp

Run Build Command(s):/usr/bin/make -f Makefile cmTC_6667f/fast && /usr/bin/make  -f CMakeFiles/cmTC_6667f.dir/build.make CMakeFiles/cmTC_6667f.dir/build
make[1]: Entering directory '/home/ekaterina/AndroidStudioProjects/libs/mbedtls/build/x86_64/CMakeFiles/CMakeTmp'
Building C object CMakeFiles/cmTC_6667f.dir/src.c.o
/home/ekaterina/Android/Sdk/ndk/25.2.9519653/toolchains/llvm/prebuilt/linux-x86_64/bin/clang --target=x86_64-none-linux-android21 --sysroot=/home/ekaterina/Android/Sdk/ndk/25.2.9519653/toolchains/llvm/prebuilt/linux-x86_64/sysroot -DCMAKE_HAVE_LIBC_PTHREAD  -g -DANDROID -fdata-sections -ffunction-sections -funwind-tables -fstack-protector-strong -no-canonical-prefixes -D_FORTIFY_SOURCE=2 -Wformat -Werror=format-security  -Wall -Wextra -Wwrite-strings -Wpointer-arith -Wimplicit-fallthrough -Wshadow -Wvla -Wformat=2 -Wno-format-nonliteral -Werror  -fPIE -MD -MT CMakeFiles/cmTC_6667f.dir/src.c.o -MF CMakeFiles/cmTC_6667f.dir/src.c.o.d -o CMakeFiles/cmTC_6667f.dir/src.c.o -c /home/ekaterina/AndroidStudioProjects/libs/mbedtls/build/x86_64/CMakeFiles/CMakeTmp/src.c
/home/ekaterina/AndroidStudioProjects/libs/mbedtls/build/x86_64/CMakeFiles/CMakeTmp/src.c:13:3: error: implicit declaration of function 'pthread_cancel' is invalid in C99 [-Werror,-Wimplicit-function-declaration]
  pthread_cancel(thread);
  ^
/home/ekaterina/AndroidStudioProjects/libs/mbedtls/build/x86_64/CMakeFiles/CMakeTmp/src.c:13:3: note: did you mean 'pthread_once'?
/home/ekaterina/Android/Sdk/ndk/25.2.9519653/toolchains/llvm/prebuilt/linux-x86_64/sysroot/usr/include/pthread.h:275:5: note: 'pthread_once' declared here
int pthread_once(pthread_once_t* __once, void (*__init_routine)(void));
    ^
1 error generated.
make[1]: *** [CMakeFiles/cmTC_6667f.dir/build.make:79: CMakeFiles/cmTC_6667f.dir/src.c.o] Error 1
make[1]: Leaving directory '/home/ekaterina/AndroidStudioProjects/libs/mbedtls/build/x86_64/CMakeFiles/CMakeTmp'
make: *** [Makefile:127: cmTC_6667f/fast] Error 2


Source file was:
#include <pthread.h>

static void* test_func(void* data)
{
  return data;
}

int main(void)
{
  pthread_t thread;
  pthread_create(&thread, NULL, test_func, NULL);
  pthread_detach(thread);
  pthread_cancel(thread);
  pthread_join(thread, NULL);
  pthread_atfork(NULL, NULL, NULL);
  pthread_exit(NULL);

  return 0;
}

Determining if the function pthread_create exists in the pthreads failed with the following output:
Change Dir: /home/ekaterina/AndroidStudioProjects/libs/mbedtls/build/x86_64/CMakeFiles/CMakeTmp

Run Build Command(s):/usr/bin/make -f Makefile cmTC_1770f/fast && /usr/bin/make  -f CMakeFiles/cmTC_1770f.dir/build.make CMakeFiles/cmTC_1770f.dir/build
make[1]: Entering directory '/home/ekaterina/AndroidStudioProjects/libs/mbedtls/build/x86_64/CMakeFiles/CMakeTmp'
Building C object CMakeFiles/cmTC_1770f.dir/CheckFunctionExists.c.o
/home/ekaterina/Android/Sdk/ndk/25.2.9519653/toolchains/llvm/prebuilt/linux-x86_64/bin/clang --target=x86_64-none-linux-android21 --sysroot=/home/ekaterina/Android/Sdk/ndk/25.2.9519653/toolchains/llvm/prebuilt/linux-x86_64/sysroot   -g -DANDROID -fdata-sections -ffunction-sections -funwind-tables -fstack-protector-strong -no-canonical-prefixes -D_FORTIFY_SOURCE=2 -Wformat -Werror=format-security  -Wall -Wextra -Wwrite-strings -Wpointer-arith -Wimplicit-fallthrough -Wshadow -Wvla -Wformat=2 -Wno-format-nonliteral -Werror -DCHECK_FUNCTION_EXISTS=pthread_create -fPIE -MD -MT CMakeFiles/cmTC_1770f.dir/CheckFunctionExists.c.o -MF CMakeFiles/cmTC_1770f.dir/CheckFunctionExists.c.o.d -o CMakeFiles/cmTC_1770f.dir/CheckFunctionExists.c.o -c /home/ekaterina/Android/Sdk/cmake/3.22.1/share/cmake-3.22/Modules/CheckFunctionExists.c
Linking C executable cmTC_1770f
/home/ekaterina/Android/Sdk/cmake/3.22.1/bin/cmake -E cmake_link_script CMakeFiles/cmTC_1770f.dir/link.txt --verbose=1
/home/ekaterina/Android/Sdk/ndk/25.2.9519653/toolchains/llvm/prebuilt/linux-x86_64/bin/clang --target=x86_64-none-linux-android21 --sysroot=/home/ekaterina/Android/Sdk/ndk/25.2.9519653/toolchains/llvm/prebuilt/linux-x86_64/sysroot -g -DANDROID -fdata-sections -ffunction-sections -funwind-tables -fstack-protector-strong -no-canonical-prefixes -D_FORTIFY_SOURCE=2 -Wformat -Werror=format-security  -Wall -Wextra -Wwrite-strings -Wpointer-arith -Wimplicit-fallthrough -Wshadow -Wvla -Wformat=2 -Wno-format-nonliteral -Werror -DCHECK_FUNCTION_EXISTS=pthread_create -static-libstdc++ -Wl,--build-id=sha1 -Wl,--no-rosegment -Wl,--fatal-warnings -Wl,--no-undefined -Qunused-arguments    CMakeFiles/cmTC_1770f.dir/CheckFunctionExists.c.o -o cmTC_1770f  -lpthreads -latomic -lm 
ld: error: unable to find library -lpthreads
clang: error: linker command failed with exit code 1 (use -v to see invocation)
make[1]: *** [CMakeFiles/cmTC_1770f.dir/build.make:100: cmTC_1770f] Error 1
make[1]: Leaving directory '/home/ekaterina/AndroidStudioProjects/libs/mbedtls/build/x86_64/CMakeFiles/CMakeTmp'
make: *** [Makefile:127: cmTC_1770f/fast] Error 2



Determining if the function pthread_create exists in the pthread failed with the following output:
Change Dir: /home/ekaterina/AndroidStudioProjects/libs/mbedtls/build/x86_64/CMakeFiles/CMakeTmp

Run Build Command(s):/usr/bin/make -f Makefile cmTC_fc0d2/fast && /usr/bin/make  -f CMakeFiles/cmTC_fc0d2.dir/build.make CMakeFiles/cmTC_fc0d2.dir/build
make[1]: Entering directory '/home/ekaterina/AndroidStudioProjects/libs/mbedtls/build/x86_64/CMakeFiles/CMakeTmp'
Building C object CMakeFiles/cmTC_fc0d2.dir/CheckFunctionExists.c.o
/home/ekaterina/Android/Sdk/ndk/25.2.9519653/toolchains/llvm/prebuilt/linux-x86_64/bin/clang --target=x86_64-none-linux-android21 --sysroot=/home/ekaterina/Android/Sdk/ndk/25.2.9519653/toolchains/llvm/prebuilt/linux-x86_64/sysroot   -g -DANDROID -fdata-sections -ffunction-sections -funwind-tables -fstack-protector-strong -no-canonical-prefixes -D_FORTIFY_SOURCE=2 -Wformat -Werror=format-security  -Wall -Wextra -Wwrite-strings -Wpointer-arith -Wimplicit-fallthrough -Wshadow -Wvla -Wformat=2 -Wno-format-nonliteral -Werror -DCHECK_FUNCTION_EXISTS=pthread_create -fPIE -MD -MT CMakeFiles/cmTC_fc0d2.dir/CheckFunctionExists.c.o -MF CMakeFiles/cmTC_fc0d2.dir/CheckFunctionExists.c.o.d -o CMakeFiles/cmTC_fc0d2.dir/CheckFunctionExists.c.o -c /home/ekaterina/Android/Sdk/cmake/3.22.1/share/cmake-3.22/Modules/CheckFunctionExists.c
Linking C executable cmTC_fc0d2
/home/ekaterina/Android/Sdk/cmake/3.22.1/bin/cmake -E cmake_link_script CMakeFiles/cmTC_fc0d2.dir/link.txt --verbose=1
/home/ekaterina/Android/Sdk/ndk/25.2.9519653/toolchains/llvm/prebuilt/linux-x86_64/bin/clang --target=x86_64-none-linux-android21 --sysroot=/home/ekaterina/Android/Sdk/ndk/25.2.9519653/toolchains/llvm/prebuilt/linux-x86_64/sysroot -g -DANDROID -fdata-sections -ffunction-sections -funwind-tables -fstack-protector-strong -no-canonical-prefixes -D_FORTIFY_SOURCE=2 -Wformat -Werror=format-security  -Wall -Wextra -Wwrite-strings -Wpointer-arith -Wimplicit-fallthrough -Wshadow -Wvla -Wformat=2 -Wno-format-nonliteral -Werror -DCHECK_FUNCTION_EXISTS=pthread_create -static-libstdc++ -Wl,--build-id=sha1 -Wl,--no-rosegment -Wl,--fatal-warnings -Wl,--no-undefined -Qunused-arguments    CMakeFiles/cmTC_fc0d2.dir/CheckFunctionExists.c.o -o cmTC_fc0d2  -lpthread -latomic -lm 
ld: error: unable to find library -lpthread
clang: error: linker command failed with exit code 1 (use -v to see invocation)
make[1]: *** [CMakeFiles/cmTC_fc0d2.dir/build.make:100: cmTC_fc0d2] Error 1
make[1]: Leaving directory '/home/ekaterina/AndroidStudioProjects/libs/mbedtls/build/x86_64/CMakeFiles/CMakeTmp'
make: *** [Makefile:127: cmTC_fc0d2/fast] Error 2



